[    0.000000] Linux version 4.15.0-200-generic (buildd@lcy02-amd64-069) (gcc version 7.5.0 (Ubuntu 7.5.0-3ubuntu1~18.04)) #211-Ubuntu SMP Thu Nov 24 18:16:04 UTC 2022 (Ubuntu 4.15.0-200.211-generic 4.15.18)
[    0.000000] Command line: BOOT_IMAGE=/boot/vmlinuz-4.15.0-200-generic root=LABEL=cloudimg-rootfs ro console=tty1 console=ttyS0
[    0.000000] KERNEL supported cpus:
[    0.000000]   Intel GenuineIntel
[    0.000000]   AMD AuthenticAMD
[    0.000000]   Centaur CentaurHauls
[    0.000000] x86/fpu: Supporting XSAVE feature 0x001: 'x87 floating point registers'
[    0.000000] x86/fpu: Supporting XSAVE feature 0x002: 'SSE registers'
[    0.000000] x86/fpu: Supporting XSAVE feature 0x004: 'AVX registers'
[    0.000000] x86/fpu: xstate_offset[2]:  576, xstate_sizes[2]:  256
[    0.000000] x86/fpu: Enabled xstate features 0x7, context size is 832 bytes, using 'standard' format.
[    0.000000] e820: BIOS-provided physical RAM map:
[    0.000000] BIOS-e820: [mem 0x0000000000000000-0x000000000009fbff] usable
[    0.000000] BIOS-e820: [mem 0x000000000009fc00-0x000000000009ffff] reserved
[    0.000000] BIOS-e820: [mem 0x00000000000f0000-0x00000000000fffff] reserved
[    0.000000] BIOS-e820: [mem 0x0000000000100000-0x000000007ffeffff] usable
[    0.000000] BIOS-e820: [mem 0x000000007fff0000-0x000000007fffffff] ACPI data
[    0.000000] BIOS-e820: [mem 0x00000000fec00000-0x00000000fec00fff] reserved
[    0.000000] BIOS-e820: [mem 0x00000000fee00000-0x00000000fee00fff] reserved
[    0.000000] BIOS-e820: [mem 0x00000000fffc0000-0x00000000ffffffff] reserved
[    0.000000] NX (Execute Disable) protection: active
[    0.000000] SMBIOS 2.5 present.
[    0.000000] DMI: innotek GmbH VirtualBox/VirtualBox, BIOS VirtualBox 12/01/2006
[    0.000000] Hypervisor detected: KVM
[    0.000000] e820: last_pfn = 0x7fff0 max_arch_pfn = 0x400000000
[    0.000000] MTRR: Disabled
[    0.000000] x86/PAT: MTRRs disabled, skipping PAT initialization too.
[    0.000000] CPU MTRRs all blank - virtualized system.
[    0.000000] x86/PAT: Configuration [0-7]: WB  WT  UC- UC  WB  WT  UC- UC  
[    0.000000] found SMP MP-table at [mem 0x0009fff0-0x0009ffff]
[    0.000000] Scanning 1 areas for low memory corruption
[    0.000000] RAMDISK: [mem 0x359c9000-0x36cdbfff]
[    0.000000] ACPI: Early table checksum verification disabled
[    0.000000] ACPI: RSDP 0x00000000000E0000 000024 (v02 VBOX  )
[    0.000000] ACPI: XSDT 0x000000007FFF0030 00003C (v01 VBOX   VBOXXSDT 00000001 ASL  00000061)
[    0.000000] ACPI: FACP 0x000000007FFF00F0 0000F4 (v04 VBOX   VBOXFACP 00000001 ASL  00000061)
[    0.000000] ACPI: DSDT 0x000000007FFF0470 002325 (v02 VBOX   VBOXBIOS 00000002 INTL 20100528)
[    0.000000] ACPI: FACS 0x000000007FFF0200 000040
[    0.000000] ACPI: FACS 0x000000007FFF0200 000040
[    0.000000] ACPI: APIC 0x000000007FFF0240 00005C (v02 VBOX   VBOXAPIC 00000001 ASL  00000061)
[    0.000000] ACPI: SSDT 0x000000007FFF02A0 0001CC (v01 VBOX   VBOXCPUT 00000002 INTL 20100528)
[    0.000000] ACPI: Reserving FACP table memory at [mem 0x7fff00f0-0x7fff01e3]
[    0.000000] ACPI: Reserving DSDT table memory at [mem 0x7fff0470-0x7fff2794]
[    0.000000] ACPI: Reserving FACS table memory at [mem 0x7fff0200-0x7fff023f]
[    0.000000] ACPI: Reserving FACS table memory at [mem 0x7fff0200-0x7fff023f]
[    0.000000] ACPI: Reserving APIC table memory at [mem 0x7fff0240-0x7fff029b]
[    0.000000] ACPI: Reserving SSDT table memory at [mem 0x7fff02a0-0x7fff046b]
[    0.000000] No NUMA configuration found
[    0.000000] Faking a node at [mem 0x0000000000000000-0x000000007ffeffff]
[    0.000000] NODE_DATA(0) allocated [mem 0x7ffc5000-0x7ffeffff]
[    0.000000] kvm-clock: cpu 0, msr 0:7ff44001, primary cpu clock
[    0.000000] kvm-clock: Using msrs 4b564d01 and 4b564d00
[    0.000000] kvm-clock: using sched offset of 3446852587 cycles
[    0.000000] clocksource: kvm-clock: mask: 0xffffffffffffffff max_cycles: 0x1cd42e4dffb, max_idle_ns: 881590591483 ns
[    0.000000] Zone ranges:
[    0.000000]   DMA      [mem 0x0000000000001000-0x0000000000ffffff]
[    0.000000]   DMA32    [mem 0x0000000001000000-0x000000007ffeffff]
[    0.000000]   Normal   empty
[    0.000000]   Device   empty
[    0.000000] Movable zone start for each node
[    0.000000] Early memory node ranges
[    0.000000]   node   0: [mem 0x0000000000001000-0x000000000009efff]
[    0.000000]   node   0: [mem 0x0000000000100000-0x000000007ffeffff]
[    0.000000] Reserved but unavailable: 104 pages
[    0.000000] Initmem setup node 0 [mem 0x0000000000001000-0x000000007ffeffff]
[    0.000000] ACPI: PM-Timer IO Port: 0x4008
[    0.000000] IOAPIC[0]: apic_id 2, version 32, address 0xfec00000, GSI 0-23
[    0.000000] ACPI: INT_SRC_OVR (bus 0 bus_irq 0 global_irq 2 dfl dfl)
[    0.000000] ACPI: INT_SRC_OVR (bus 0 bus_irq 9 global_irq 9 low level)
[    0.000000] Using ACPI (MADT) for SMP configuration information
[    0.000000] smpboot: Allowing 2 CPUs, 0 hotplug CPUs
[    0.000000] PM: Registered nosave memory: [mem 0x00000000-0x00000fff]
[    0.000000] PM: Registered nosave memory: [mem 0x0009f000-0x0009ffff]
[    0.000000] PM: Registered nosave memory: [mem 0x000a0000-0x000effff]
[    0.000000] PM: Registered nosave memory: [mem 0x000f0000-0x000fffff]
[    0.000000] e820: [mem 0x80000000-0xfebfffff] available for PCI devices
[    0.000000] Booting paravirtualized kernel on KVM
[    0.000000] clocksource: refined-jiffies: mask: 0xffffffff max_cycles: 0xffffffff, max_idle_ns: 7645519600211568 ns
[    0.000000] setup_percpu: NR_CPUS:8192 nr_cpumask_bits:2 nr_cpu_ids:2 nr_node_ids:1
[    0.000000] percpu: Embedded 50 pages/cpu s167936 r8192 d28672 u1048576
[    0.000000] PV qspinlock hash table entries: 256 (order: 0, 4096 bytes)
[    0.000000] Built 1 zonelists, mobility grouping on.  Total pages: 515961
[    0.000000] Policy zone: DMA32
[    0.000000] Kernel command line: BOOT_IMAGE=/boot/vmlinuz-4.15.0-200-generic root=LABEL=cloudimg-rootfs ro console=tty1 console=ttyS0
[    0.000000] Memory: 2014840K/2096696K available (12300K kernel code, 2477K rwdata, 4320K rodata, 2472K init, 2720K bss, 81856K reserved, 0K cma-reserved)
[    0.000000] SLUB: HWalign=64, Order=0-3, MinObjects=0, CPUs=2, Nodes=1
[    0.000000] ftrace: allocating 39478 entries in 155 pages
[    0.004000] Hierarchical RCU implementation.
[    0.004000] 	RCU restricting CPUs from NR_CPUS=8192 to nr_cpu_ids=2.
[    0.004000] 	Tasks RCU enabled.
[    0.004000] RCU: Adjusting geometry for rcu_fanout_leaf=16, nr_cpu_ids=2
[    0.004000] NR_IRQS: 524544, nr_irqs: 440, preallocated irqs: 16
[    0.004000] random: crng init done
[    0.004000] Console: colour VGA+ 80x25
[    0.004000] console [tty1] enabled
[    0.004000] console [ttyS0] enabled
[    0.004000] ACPI: Core revision 20170831
[    0.004000] ACPI: 2 ACPI AML tables successfully acquired and loaded
[    0.004000] APIC: Switch to symmetric I/O mode setup
[    0.004000] x2apic enabled
[    0.004000] Switched APIC routing to physical x2apic.
[    0.004000] ..TIMER: vector=0x30 apic1=0 pin1=2 apic2=-1 pin2=-1
[    0.004005] tsc: Detected 1190.398 MHz processor
[    0.004734] Calibrating delay loop (skipped) preset value.. 2380.79 BogoMIPS (lpj=4761592)
[    0.005197] pid_max: default: 32768 minimum: 301
[    0.005917] Security Framework initialized
[    0.006527] Yama: becoming mindful.
[    0.007079] AppArmor: AppArmor initialized
[    0.012158] Dentry cache hash table entries: 262144 (order: 9, 2097152 bytes)
[    0.016039] Inode-cache hash table entries: 131072 (order: 8, 1048576 bytes)
[    0.017130] Mount-cache hash table entries: 4096 (order: 3, 32768 bytes)
[    0.018094] Mountpoint-cache hash table entries: 4096 (order: 3, 32768 bytes)
[    0.020236] Last level iTLB entries: 4KB 0, 2MB 0, 4MB 0
[    0.021148] Last level dTLB entries: 4KB 0, 2MB 0, 4MB 0, 1GB 0
[    0.022018] Spectre V1 : Mitigation: usercopy/swapgs barriers and __user pointer sanitization
[    0.023233] Spectre V2 : Mitigation: Retpolines
[    0.024002] Spectre V2 : Spectre v2 / SpectreRSB mitigation: Filling RSB on context switch
[    0.025229] Speculative Store Bypass: Vulnerable
[    0.026009] MMIO Stale Data: Vulnerable: Clear CPU buffers attempted, no microcode
[    0.027151] SRBDS: Unknown: Dependent on hypervisor status
[    0.028160] Freeing SMP alternatives memory: 36K
[    0.140143] smpboot: CPU0: Intel(R) Core(TM) i5-1035G1 CPU @ 1.00GHz (family: 0x6, model: 0x7e, stepping: 0x5)
[    0.142095] Performance Events: unsupported p6 CPU model 126 no PMU driver, software events only.
[    0.144039] Hierarchical SRCU implementation.
[    0.145243] NMI watchdog: Perf event create on CPU 0 failed with -2
[    0.146260] NMI watchdog: Perf NMI watchdog permanently disabled
[    0.147272] smp: Bringing up secondary CPUs ...
[    0.148070] x86: Booting SMP configuration:
[    0.148912] .... node  #0, CPUs:      #1
[    0.004000] kvm-clock: cpu 1, msr 0:7ff44041, secondary cpu clock
[    0.152020] smp: Brought up 1 node, 2 CPUs
[    0.152707] smpboot: Max logical packages: 1
[    0.153474] smpboot: Total of 2 processors activated (4761.59 BogoMIPS)
[    0.156067] devtmpfs: initialized
[    0.156674] x86/mm: Memory block size: 128MB
[    0.156674] evm: security.selinux
[    0.156674] evm: security.SMACK64
[    0.157140] evm: security.SMACK64EXEC
[    0.157727] evm: security.SMACK64TRANSMUTE
[    0.160003] evm: security.SMACK64MMAP
[    0.160572] evm: security.apparmor
[    0.172008] evm: security.ima
[    0.172707] evm: security.capability
[    0.176012] clocksource: jiffies: mask: 0xffffffff max_cycles: 0xffffffff, max_idle_ns: 7645041785100000 ns
[    0.177519] futex hash table entries: 512 (order: 3, 32768 bytes)
[    0.177519] pinctrl core: initialized pinctrl subsystem
[    0.177519] RTC time: 14:48:08, date: 05/06/23
[    0.177793] NET: Registered protocol family 16
[    0.178602] audit: initializing netlink subsys (disabled)
[    0.180107] audit: type=2000 audit(1683384493.558:1): state=initialized audit_enabled=0 res=1
[    0.181403] cpuidle: using governor ladder
[    0.182088] cpuidle: using governor menu
[    0.184009] ACPI: bus type PCI registered
[    0.184009] acpiphp: ACPI Hot Plug PCI Controller Driver version: 0.5
[    0.184117] PCI: Using configuration type 1 for base access
[    0.188030] HugeTLB registered 2.00 MiB page size, pre-allocated 0 pages
[    0.192082] ACPI: Added _OSI(Module Device)
[    0.192082] ACPI: Added _OSI(Processor Device)
[    0.192711] ACPI: Added _OSI(3.0 _SCP Extensions)
[    0.193451] ACPI: Added _OSI(Processor Aggregator Device)
[    0.196002] ACPI: Added _OSI(Linux-Dell-Video)
[    0.196002] ACPI: Added _OSI(Linux-Lenovo-NV-HDMI-Audio)
[    0.196003] ACPI: Added _OSI(Linux-HPI-Hybrid-Graphics)
[    0.197114] ACPI: Executed 1 blocks of module-level executable AML code
[    0.201125] ACPI: Interpreter enabled
[    0.201747] ACPI: (supports S0 S5)
[    0.202276] ACPI: Using IOAPIC for interrupt routing
[    0.203212] PCI: Using host bridge windows from ACPI; if necessary, use "pci=nocrs" and report a bug
[    0.204139] ACPI: Enabled 2 GPEs in block 00 to 07
[    0.210341] ACPI: PCI Root Bridge [PCI0] (domain 0000 [bus 00-ff])
[    0.211309] acpi PNP0A03:00: _OSC: OS supports [ASPM ClockPM Segments MSI]
[    0.212389] acpi PNP0A03:00: _OSC: not requesting OS control; OS requires [ExtendedConfig ASPM ClockPM MSI]
[    0.214012] acpi PNP0A03:00: fail to add MMCONFIG information, can't access extended PCI configuration space under this bridge.
[    0.216311] PCI host bridge to bus 0000:00
[    0.216977] pci_bus 0000:00: root bus resource [io  0x0000-0x0cf7 window]
[    0.217994] pci_bus 0000:00: root bus resource [io  0x0d00-0xffff window]
[    0.219001] pci_bus 0000:00: root bus resource [mem 0x000a0000-0x000bffff window]
[    0.220000] pci_bus 0000:00: root bus resource [mem 0x80000000-0xfdffffff window]
[    0.220003] pci_bus 0000:00: root bus resource [bus 00-ff]
[    0.224943] pci 0000:00:01.1: legacy IDE quirk: reg 0x10: [io  0x01f0-0x01f7]
[    0.226008] pci 0000:00:01.1: legacy IDE quirk: reg 0x14: [io  0x03f6]
[    0.226971] pci 0000:00:01.1: legacy IDE quirk: reg 0x18: [io  0x0170-0x0177]
[    0.228000] pci 0000:00:01.1: legacy IDE quirk: reg 0x1c: [io  0x0376]
[    0.245820] pci 0000:00:07.0: quirk: [io  0x4000-0x403f] claimed by PIIX4 ACPI
[    0.246944] pci 0000:00:07.0: quirk: [io  0x4100-0x410f] claimed by PIIX4 SMB
[    0.261091] ACPI: PCI Interrupt Link [LNKA] (IRQs 5 9 10 *11)
[    0.262283] ACPI: PCI Interrupt Link [LNKB] (IRQs 5 9 *10 11)
[    0.264042] ACPI: PCI Interrupt Link [LNKC] (IRQs 5 *9 10 11)
[    0.265051] ACPI: PCI Interrupt Link [LNKD] (IRQs 5 9 10 *11)
[    0.266223] SCSI subsystem initialized
[    0.268078] pci 0000:00:02.0: vgaarb: setting as boot VGA device
[    0.268977] pci 0000:00:02.0: vgaarb: VGA device added: decodes=io+mem,owns=io+mem,locks=none
[    0.268977] pci 0000:00:02.0: vgaarb: bridge control possible
[    0.268977] vgaarb: loaded
[    0.269377] ACPI: bus type USB registered
[    0.270018] usbcore: registered new interface driver usbfs
[    0.270853] usbcore: registered new interface driver hub
[    0.272015] usbcore: registered new device driver usb
[    0.272808] EDAC MC: Ver: 3.0.0
[    0.272808] PCI: Using ACPI for IRQ routing
[    0.276004] NetLabel: Initializing
[    0.276004] NetLabel:  domain hash size = 128
[    0.276011] NetLabel:  protocols = UNLABELED CIPSOv4 CALIPSO
[    0.276864] NetLabel:  unlabeled traffic allowed by default
[    0.277713] clocksource: Switched to clocksource kvm-clock
[    0.295449] VFS: Disk quotas dquot_6.6.0
[    0.296158] VFS: Dquot-cache hash table entries: 512 (order 0, 4096 bytes)
[    0.297252] AppArmor: AppArmor Filesystem Enabled
[    0.298006] pnp: PnP ACPI init
[    0.299294] pnp: PnP ACPI: found 3 devices
[    0.305289] clocksource: acpi_pm: mask: 0xffffff max_cycles: 0xffffff, max_idle_ns: 2085701024 ns
[    0.306654] NET: Registered protocol family 2
[    0.307385] IP idents hash table entries: 32768 (order: 6, 262144 bytes)
[    0.308632] TCP established hash table entries: 16384 (order: 5, 131072 bytes)
[    0.312891] TCP bind hash table entries: 16384 (order: 6, 262144 bytes)
[    0.313960] TCP: Hash tables configured (established 16384 bind 16384)
[    0.314955] UDP hash table entries: 1024 (order: 3, 32768 bytes)
[    0.315841] UDP-Lite hash table entries: 1024 (order: 3, 32768 bytes)
[    0.316857] NET: Registered protocol family 1
[    0.317721] pci 0000:00:00.0: Limiting direct PCI/PCI transfers
[    0.318922] pci 0000:00:01.0: Activating ISA DMA hang workarounds
[    0.320140] pci 0000:00:02.0: Video device with shadowed ROM at [mem 0x000c0000-0x000dffff]
[    0.321829] Unpacking initramfs...
[    0.652217] Freeing initrd memory: 19532K
[    0.653699] clocksource: tsc: mask: 0xffffffffffffffff max_cycles: 0x1128ad124ce, max_idle_ns: 440795238217 ns
[    0.655181] platform rtc_cmos: registered platform RTC device (no PNP device found)
[    0.656389] Scanning for low memory corruption every 60 seconds
[    0.657738] Initialise system trusted keyrings
[    0.658471] Key type blacklist registered
[    0.659139] workingset: timestamp_bits=36 max_order=19 bucket_order=0
[    0.664349] zbud: loaded
[    0.665340] squashfs: version 4.0 (2009/01/31) Phillip Lougher
[    0.666362] fuse init (API version 7.26)
[    0.668813] Key type asymmetric registered
[    0.669488] Asymmetric key parser 'x509' registered
[    0.670251] Block layer SCSI generic (bsg) driver version 0.4 loaded (major 246)
[    0.671439] io scheduler noop registered
[    0.672072] io scheduler deadline registered
[    0.672766] io scheduler cfq registered (default)
[    0.673739] ACPI: AC Adapter [AC] (on-line)
[    0.674482] input: Power Button as /devices/LNXSYSTM:00/LNXPWRBN:00/input/input0
[    0.675644] ACPI: Power Button [PWRF]
[    0.676345] input: Sleep Button as /devices/LNXSYSTM:00/LNXSLPBN:00/input/input1
[    0.677471] ACPI: Sleep Button [SLPF]
[    0.678352] Serial: 8250/16550 driver, 32 ports, IRQ sharing enabled
[    0.679124] ACPI: Battery Slot [BAT0] (battery present)
[    0.700931] 00:02: ttyS0 at I/O 0x3f8 (irq = 4, base_baud = 115200) is a 16550A
[    0.703147] Linux agpgart interface v0.103
[    0.704747] loop: module loaded
[    0.705740] scsi host0: ata_piix
[    0.706383] scsi host1: ata_piix
[    0.706992] ata1: PATA max UDMA/33 cmd 0x1f0 ctl 0x3f6 bmdma 0xd000 irq 14
[    0.708044] ata2: PATA max UDMA/33 cmd 0x170 ctl 0x376 bmdma 0xd008 irq 15
[    0.709532] tun: Universal TUN/TAP device driver, 1.6
[    0.710388] PPP generic driver version 2.4.2
[    0.711153] ehci_hcd: USB 2.0 'Enhanced' Host Controller (EHCI) Driver
[    0.712120] ehci-pci: EHCI PCI platform driver
[    0.712849] ehci-platform: EHCI generic platform driver
[    0.713723] ohci_hcd: USB 1.1 'Open' Host Controller (OHCI) Driver
[    0.714689] ohci-pci: OHCI PCI platform driver
[    0.715344] ohci-platform: OHCI generic platform driver
[    0.716105] uhci_hcd: USB Universal Host Controller Interface driver
[    0.717081] i8042: PNP: PS/2 Controller [PNP0303:PS2K,PNP0f03:PS2M] at 0x60,0x64 irq 1,12
[    0.718714] serio: i8042 KBD port at 0x60,0x64 irq 1
[    0.719496] serio: i8042 AUX port at 0x60,0x64 irq 12
[    0.720353] mousedev: PS/2 mouse device common for all mice
[    0.721467] input: AT Translated Set 2 keyboard as /devices/platform/i8042/serio0/input/input2
[    0.723210] rtc_cmos rtc_cmos: rtc core: registered rtc_cmos as rtc0
[    0.724310] rtc_cmos rtc_cmos: alarms up to one day, 114 bytes nvram
[    0.725286] i2c /dev entries driver
[    0.726087] device-mapper: uevent: version 1.0.3
[    0.726964] device-mapper: ioctl: 4.37.0-ioctl (2017-09-20) initialised: dm-devel@redhat.com
[    0.728703] ledtrig-cpu: registered to indicate activity on CPUs
[    0.730307] NET: Registered protocol family 10
[    0.734409] Segment Routing with IPv6
[    0.735126] NET: Registered protocol family 17
[    0.735904] Key type dns_resolver registered
[    0.736932] mce: Using 0 MCE banks
[    0.737553] RAS: Correctable Errors collector initialized.
[    0.738499] sched_clock: Marking stable (736861586, 0)->(899692403, -162830817)
[    0.739980] registered taskstats version 1
[    0.740716] Loading compiled-in X.509 certificates
[    0.743755] Loaded X.509 cert 'Build time autogenerated kernel key: 29e5beaa583364da097e68c9386761f80dbce7ef'
[    0.745867] Loaded X.509 cert 'Canonical Ltd. Live Patch Signing: 14df34d1a87cf37625abec039ef2bf521249b969'
[    0.748084] Loaded X.509 cert 'Canonical Ltd. Kernel Module Signing: 88f752e560a1e0737e31163a466ad7b70a850c19'
[    0.749692] blacklist: Loading compiled-in revocation X.509 certificates
[    0.750830] Loaded X.509 cert 'Canonical Ltd. Secure Boot Signing: 61482aa2830d0ab2ad5af10b7250da9033ddcef0'
[    0.752412] zswap: loaded using pool lzo/zbud
[    0.756957] Key type big_key registered
[    0.758789] Key type trusted registered
[    0.761268] Key type encrypted registered
[    0.761957] AppArmor: AppArmor sha1 policy hashing enabled
[    0.762774] ima: No TPM chip found, activating TPM-bypass! (rc=-19)
[    0.763755] ima: Allocated hash algorithm: sha1
[    0.764623] evm: HMAC attrs: 0x1
[    0.765592]   Magic number: 7:715:838
[    0.766365] rtc_cmos rtc_cmos: setting system clock to 2023-05-06 14:48:09 UTC (1683384489)
[    0.767790] BIOS EDD facility v0.16 2004-Jun-25, 0 devices found
[    0.768725] EDD information not available.
[    0.894403] Freeing unused kernel image memory: 2472K
[    0.908033] Write protecting the kernel read-only data: 20480k
[    0.910042] Freeing unused kernel image memory: 2008K
[    0.911142] Freeing unused kernel image memory: 1824K
[    0.916466] x86/mm: Checked W+X mappings: passed, no W+X pages found.
Loading, please wait...
starting version 237
[    0.978036] Fusion MPT base driver 3.04.20
[    0.979456] Copyright (c) 1999-2008 LSI Corporation
[    0.983181] e1000: Intel(R) PRO/1000 Network Driver - version 7.3.21-k8-NAPI
[    0.985248] e1000: Copyright (c) 1999-2006 Intel Corporation.
[    0.995579] Fusion MPT SPI Host driver 3.04.20
[    1.003232] AVX2 version of gcm_enc/dec engaged.
[    1.004222] AES CTR mode by8 optimization enabled
[    1.186731] input: ImExPS/2 Generic Explorer Mouse as /devices/platform/i8042/serio1/input/input4
[    1.391465] e1000 0000:00:03.0 eth0: (PCI:33MHz:32-bit) 02:40:49:ac:f0:20
[    1.392716] e1000 0000:00:03.0 eth0: Intel(R) PRO/1000 Network Connection
[    1.394649] mptbase: ioc0: Initiating bringup
[    2.020838] ioc0: LSI53C1030 A0: Capabilities={Initiator}
[    4.478280] scsi host2: ioc0: LSI53C1030 A0, FwRev=00000000h, Ports=1, MaxQ=256, IRQ=20
[    6.381729] scsi 2:0:0:0: Direct-Access     VBOX     HARDDISK         1.0  PQ: 0 ANSI: 5
[    6.592654] scsi target2:0:0: Beginning Domain Validation
[    6.647725] scsi target2:0:0: Domain Validation skipping write tests
[    6.649073] scsi target2:0:0: Ending Domain Validation
[    6.658501] scsi target2:0:0: asynchronous
[    6.672558] scsi 2:0:1:0: Direct-Access     VBOX     HARDDISK         1.0  PQ: 0 ANSI: 5
[    6.904551] scsi target2:0:1: Beginning Domain Validation
[    6.909679] scsi target2:0:1: Domain Validation skipping write tests
[    6.911024] scsi target2:0:1: Ending Domain Validation
[    6.911929] scsi target2:0:1: asynchronous
[    6.934688] sd 2:0:0:0: Attached scsi generic sg0 type 0
[    6.940977] sd 2:0:1:0: Attached scsi generic sg1 type 0
[    6.942139] sd 2:0:1:0: [sdb] 20480 512-byte logical blocks: (10.5 MB/10.0 MiB)
[    6.943383] sd 2:0:1:0: [sdb] Write Protect is off
[    6.944418] sd 2:0:1:0: [sdb] Incomplete mode parameter data
[    6.946057] sd 2:0:1:0: [sdb] Assuming drive cache: write through
[    6.946853] sd 2:0:0:0: [sda] 83886080 512-byte logical blocks: (42.9 GB/40.0 GiB)
[    6.962880] e1000 0000:00:08.0 eth1: (PCI:33MHz:32-bit) 08:00:27:e6:38:28
[    6.964253] e1000 0000:00:08.0 eth1: Intel(R) PRO/1000 Network Connection
[    6.965379] sd 2:0:0:0: [sda] Write Protect is off
[    6.966421] sd 2:0:0:0: [sda] Incomplete mode parameter data
[    6.967268] sd 2:0:0:0: [sda] Assuming drive cache: write through
[    6.969036]  sda: sda1
[    6.970100] sd 2:0:0:0: [sda] Attached SCSI disk
[    6.970110] sd 2:0:1:0: [sdb] Attached SCSI disk
[    6.989336] e1000 0000:00:08.0 enp0s8: renamed from eth1
[    7.026852] e1000 0000:00:03.0 enp0s3: renamed from eth0
Begin: Loading essential drivers ... [    8.437491] raid6: sse2x1   gen() 14069 MB/s
[    8.484345] raid6: sse2x1   xor()  8495 MB/s
[    8.532552] raid6: sse2x2   gen() 17238 MB/s
[    8.593459] raid6: sse2x2   xor() 14993 MB/s
[    8.641470] raid6: sse2x4   gen() 18370 MB/s
[    8.689450] raid6: sse2x4   xor() 10725 MB/s
[    8.737463] raid6: avx2x1   gen() 27616 MB/s
[    8.785492] raid6: avx2x1   xor() 16084 MB/s
[    8.833188] raid6: avx2x2   gen() 33322 MB/s
[    8.881559] raid6: avx2x2   xor() 20874 MB/s
[    8.929535] raid6: avx2x4   gen() 32738 MB/s
[    8.976831] raid6: avx2x4   xor() 17455 MB/s
[    8.977879] raid6: using algorithm avx2x2 gen() 33322 MB/s
[    8.978947] raid6: .... xor() 20874 MB/s, rmw enabled
[    8.979835] raid6: using avx2x2 recovery algorithm
[    8.981835] xor: automatically using best checksumming function   avx       
[    8.984631] async_tx: api initialized (async)
done.
Begin: Running /scripts/init-premount ... done.
Begin: Mounting root file system ... Begin: Running /scripts/local-top ... done.
Begin: Running /scripts/local-premount ... [    9.029871] Btrfs loaded, crc32c=crc32c-intel
Scanning for Btrfs filesystems
done.
Warning: fsck not present, so skipping root file system
[    9.069250] EXT4-fs (sda1): mounted filesystem with ordered data mode. Opts: (null)
done.
Begin: Running /scripts/local-bottom ... done.
Begin: Running /scripts/init-bottom ... done.
[    9.267711] ip_tables: (C) 2000-2006 Netfilter Core Team
[    9.278266] systemd[1]: systemd 237 running in system mode. (+PAM +AUDIT +SELINUX +IMA +APPARMOR +SMACK +SYSVINIT +UTMP +LIBCRYPTSETUP +GCRYPT +GNUTLS +ACL +XZ +LZ4 +SECCOMP +BLKID +ELFUTILS +KMOD -IDN2 +IDN -PCRE2 default-hierarchy=hybrid)
[    9.281367] systemd[1]: Detected virtualization oracle.
[    9.282152] systemd[1]: Detected architecture x86-64.

Welcome to [1mUbuntu 18.04.6 LTS[0m!

[    9.288980] systemd[1]: Set hostname to <kubenode02>.
[    9.578350] systemd[1]: Created slice System Slice.
[[0;32m  OK  [0m] Created slice System Slice.
[    9.580166] systemd[1]: Listening on Journal Audit Socket.
[[0;32m  OK  [0m] Listening on Journal Audit Socket.
[    9.581606] systemd[1]: Listening on udev Control Socket.
[[0;32m  OK  [0m] Listening on udev Control Socket.
[    9.583046] systemd[1]: Reached target User and Group Name Lookups.
[[0;32m  OK  [0m] Reached target User and Group Name Lookups.
[    9.584902] systemd[1]: Created slice User and Session Slice.
[[0;32m  OK  [0m] Created slice User and Session Slice.
[    9.586540] systemd[1]: Listening on LVM2 metadata daemon socket.
[[0;32m  OK  [0m] Listening on LVM2 metadata daemon socket.
[[0;32m  OK  [0m] Reached target Slices.
[[0;32m  OK  [0m] Listening on Syslog Socket.
[[0;32m  OK  [0m] Listening on /dev/initctl Compatibility Named Pipe.
[[0;32m  OK  [0m] Listening on Journal Socket.
         Mounting Huge Pages File System...
         Starting Load Kernel Modules...
         Mounting POSIX Message Queue File System...
[[0;32m  OK  [0m] Listening on fsck to fsckd communication Socket.
[[0;32m  OK  [0m] Listening on Network Service Netlink Socket.
[[0;32m  OK  [0m] Listening on udev Kernel Socket.
         Starting udev Coldplug all Devices...
         Starting Create list of required st…ce nodes for the current kernel...
         Starting File System Check on Root Device...
[[0;32m  OK  [0m] Started Forward Password Requests to Wall Directory Watch.
[[0;32m  OK  [0m] Created slice system-serial\x2dgetty.slice.
[    9.611149] Loading iSCSI transport class v2.0-870.
[[0;32m  OK  [0m] Listening on Device-mapper event daemon FIFOs.
         Starting Monitoring of LVM2 mirrors…ng dmeventd or progress polling...
         Starting Uncomplicated firewall...
[    9.623596] iscsi: registered transport (tcp)
[[0;32m  OK  [0m] Listening on LVM2 poll daemon socket.
[[0;32m  OK  [0m] Listening on Journal Socket (/dev/log).
         Starting Journal Service...
[[0;32m  OK  [0m] Set up automount Arbitrary Executab…rmats File System Automount Point.
[[0;32m  OK  [0m] Reached target Swap.
[[0;32m  OK  [0m] Reached target System Time Synchronized.
         Starting Set the console keyboard layout...
         Mounting Kernel Debug File System...
[[0;32m  OK  [0m] Mounted Huge Pages File System.
[[0;32m  OK  [0m] Mounted POSIX Message Queue File System.
[[0;32m  OK  [0m] Started Create list of required sta…vice nodes for the current kernel.
[[0;32m  OK  [0m] Started Uncomplicated firewall.
[[0;32m  OK  [0m] Mounted Kernel Debug File System.
[[0;32m  OK  [0m] Started LVM2 metadata daemon.
[[0;32m  OK  [0m] Started File System Check Daemon to report status.
         Starting Create Static Device Nodes in /dev...
[    9.712857] iscsi: registered transport (iser)
[[0;32m  OK  [0m] Started Load Kernel Modules.
         Mounting FUSE Control File System...
         Starting Apply Kernel Variables...
         Mounting Kernel Configuration File System...
[[0;32m  OK  [0m] Mounted FUSE Control File System.
[[0;32m  OK  [0m] Mounted Kernel Configuration File System.
[[0;32m  OK  [0m] Started Journal Service.
[[0;32m  OK  [0m] Started udev Coldplug all Devices.
[[0;32m  OK  [0m] Started Create Static Device Nodes in /dev.
[[0;32m  OK  [0m] Started File System Check on Root Device.
         Starting Remount Root and Kernel File Systems...
[[0;32m  OK  [0m] Started Monitoring of LVM2 mirrors,…sing dmeventd or progress polling.
[[0;32m  OK  [0m] Started Apply Kernel Variables.
[[0;32m  OK  [0m] Started Remount Root and Kernel File Systems.
         Starting Flush Journal to Persistent Storage...
         Starting udev Kernel Device Manager...
         Starting Load/Save Random Seed...
[[0;32m  OK  [0m] Started udev Kernel Device Manager.
[[0;32m  OK  [0m] Started Load/Save Random Seed.
[[0;32m  OK  [0m] Started Set the console keyboard layout.
[[0;32m  OK  [0m] Started Dispatch Password Requests to Console Directory Watch.
[[0;32m  OK  [0m] Reached target Local Encrypted Volumes.
[[0;32m  OK  [0m] Reached target Local File Systems (Pre).
[[0;32m  OK  [0m] Reached target Local File Systems.
         Starting ebtables ruleset management...
         Starting AppArmor initialization...
         Starting Tell Plymouth To Write Out Runtime Data...
         Starting Set console font and keymap...
[[0;32m  OK  [0m] Started Flush Journal to Persistent Storage.
         Starting Create Volatile Files and Directories...
[[0;32m  OK  [0m] Started Set console font and keymap.
[[0;32m  OK  [0m] Started Tell Plymouth To Write Out Runtime Data.
[[0;32m  OK  [0m] Started Create Volatile Files and Directories.
         Starting Update UTMP about System Boot/Shutdown...
[[0;32m  OK  [0m] Started Update UTMP about System Boot/Shutdown.
[[0;32m  OK  [0m] Started ebtables ruleset management.
[[0;32m  OK  [0m] Found device /dev/ttyS0.
[[0;32m  OK  [0m] Listening on Load/Save RF Kill Switch Status /dev/rfkill Watch.
[[0;32m  OK  [0m] Started AppArmor initialization.
         Starting Initial cloud-init job (pre-networking)...
         Starting Load AppArmor profiles managed internally by snapd...
         Mounting Arbitrary Executable File Formats File System...
[[0;32m  OK  [0m] Mounted Arbitrary Executable File Formats File System.
[[0;32m  OK  [0m] Started Load AppArmor profiles managed internally by snapd.
[   11.780473] cloud-init[565]: Cloud-init v. 22.4.2-0ubuntu0~18.04.1 running 'init-local' at Sat, 06 May 2023 14:48:20 +0000. Up 11.58 seconds.
[[0;32m  OK  [0m] Started Initial cloud-init job (pre-networking).
[[0;32m  OK  [0m] Reached target Network (Pre).
         Starting Network Service...
[[0;32m  OK  [0m] Started Network Service.
         Starting Network Name Resolution...
         Starting Wait for Network to be Configured...
[[0;32m  OK  [0m] Started Network Name Resolution.
[[0;32m  OK  [0m] Reached target Host and Network Name Lookups.
[[0;32m  OK  [0m] Reached target Network.
[[0;32m  OK  [0m] Started Wait for Network to be Configured.
         Starting Initial cloud-init job (metadata service crawler)...
[   14.307092] cloud-init[675]: Cloud-init v. 22.4.2-0ubuntu0~18.04.1 running 'init' at Sat, 06 May 2023 14:48:22 +0000. Up 14.18 seconds.
[   14.308506] cloud-init[675]: ci-info: ++++++++++++++++++++++++++++++++++++++Net device info+++++++++++++++++++++++++++++++++++++++
[   14.309888] cloud-init[675]: ci-info: +--------+------+-----------------------------+---------------+--------+-------------------+
[   14.311222] cloud-init[675]: ci-info: | Device |  Up  |           Address           |      Mask     | Scope  |     Hw-Address    |
[   14.312643] cloud-init[675]: ci-info: +--------+------+-----------------------------+---------------+--------+-------------------+
[   14.313939] cloud-init[675]: ci-info: | enp0s3 | True |          10.0.2.15          | 255.255.255.0 | global | 02:40:49:ac:f0:20 |
[   14.317974] cloud-init[675]: ci-info: | enp0s3 | True |  fe80::40:49ff:feac:f020/64 |       .       |  link  | 02:40:49:ac:f0:20 |
[   14.319411] cloud-init[675]: ci-info: | enp0s8 | True |         192.168.56.4        | 255.255.255.0 | global | 08:00:27:e6:38:28 |
[   14.333161] cloud-init[675]: ci-info: | enp0s8 | True | fe80::a00:27ff:fee6:3828/64 |       .       |  link  | 08:00:27:e6:38:28 |
[   14.334307] cloud-init[675]: ci-info: |   lo   | True |          127.0.0.1          |   255.0.0.0   |  host  |         .         |
[   14.339359] cloud-init[675]: ci-info: |   lo   | True |           ::1/128           |       .       |  host  |         .         |
[   14.341158] cloud-init[675]: ci-info: +--------+------+-----------------------------+---------------+--------+-------------------+
[   14.342829] cloud-init[675]: ci-info: +++++++++++++++++++++++++++++Route IPv4 info+++++++++++++++++++++++++++++
[   14.344377] cloud-init[675]: ci-info: +-------+--------------+----------+-----------------+-----------+-------+
[   14.345875] cloud-init[675]: ci-info: | Route | Destination  | Gateway  |     Genmask     | Interface | Flags |
[   14.347250] cloud-init[675]: ci-info: +-------+--------------+----------+-----------------+-----------+-------+
[   14.360253] cloud-init[675]: ci-info: |   0   |   0.0.0.0    | 10.0.2.2 |     0.0.0.0     |   enp0s3  |   UG  |
[   14.361348] cloud-init[675]: ci-info: |   1   |   10.0.2.0   | 0.0.0.0  |  255.255.255.0  |   enp0s3  |   U   |
[   14.362721] cloud-init[675]: ci-info: |   2   |   10.0.2.2   | 0.0.0.0  | 255.255.255.255 |   enp0s3  |   UH  |
[   14.372301] cloud-init[675]: ci-info: |   3   | 192.168.56.0 | 0.0.0.0  |  255.255.255.0  |   enp0s8  |   U   |
[   14.373804] cloud-init[675]: ci-info: +-------+--------------+----------+-----------------+-----------+-------+
[   14.392605] cloud-init[675]: ci-info: +++++++++++++++++++Route IPv6 info+++++++++++++++++++
[   14.404232] cloud-init[675]: ci-info: +-------+-------------+---------+-----------+-------+
[   14.405223] cloud-init[675]: ci-info: | Route | Destination | Gateway | Interface | Flags |
[   14.406161] cloud-init[675]: ci-info: +-------+-------------+---------+-----------+-------+
[   14.406961] cloud-init[675]: ci-info: |   1   |  fe80::/64  |    ::   |   enp0s8  |   U   |
[   14.407838] cloud-init[675]: ci-info: |   2   |  fe80::/64  |    ::   |   enp0s3  |   U   |
[   14.420463] cloud-init[675]: ci-info: |   4   |    local    |    ::   |   enp0s3  |   U   |
[   14.421438] cloud-init[675]: ci-info: |   5   |    local    |    ::   |   enp0s8  |   U   |
[   14.438655] cloud-init[675]: ci-info: |   6   |   ff00::/8  |    ::   |   enp0s8  |   U   |
[   14.454846] cloud-init[675]: ci-info: |   7   |   ff00::/8  |    ::   |   enp0s3  |   U   |
[   14.455863] cloud-init[675]: ci-info: +-------+-------------+---------+-----------+-------+
[[0;32m  OK  [0m] Started Initial cloud-init job (metadata service crawler).
[[0;32m  OK  [0m] Reached target Network is Online.
[[0;32m  OK  [0m] Reached target Remote File Systems (Pre).
         Mounting /vagrant...
         Starting Availability of block devices...
[[0;32m  OK  [0m] Reached target System Initialization.
[[0;32m  OK  [0m] Listening on UUID daemon activation socket.
[[0;32m  OK  [0m] Listening on ACPID Listen Socket.
[[0;32m  OK  [0m] Started ACPI Events Check.
[[0;32m  OK  [0m] Reached target Paths.
[[0;32m  OK  [0m] Listening on D-Bus System Message Bus Socket.
[[0;32m  OK  [0m] Started Ubuntu Advantage Timer for running repeated jobs.
[[0;32m  OK  [0m] Listening on Open-iSCSI iscsid Socket.
[[0;32m  OK  [0m] Started Message of the Day.
[[0;32m  OK  [0m] Started Daily Cleanup of Temporary Directories.
         Starting LXD - unix socket.
[[0;32m  OK  [0m] Started Discard unused blocks once a week.
[[0;32m  OK  [0m] Listening on cloud-init hotplug hook socket.
         Starting Socket activation for snappy daemon.
[[0;32m  OK  [0m] Started Daily apt download activities.
[[0;32m  OK  [0m] Started Daily apt upgrade and clean activities.
[[0;32m  OK  [0m] Reached target Timers.
[[0;32m  OK  [0m] Reached target Cloud-config availability.
[[0;32m  OK  [0m] Mounted /vagrant.
[[0;32m  OK  [0m] Started Availability of block devices.
[[0;32m  OK  [0m] Listening on LXD - unix socket.
[[0;32m  OK  [0m] Listening on Socket activation for snappy daemon.
[[0;32m  OK  [0m] Reached target Sockets.
[[0;32m  OK  [0m] Reached target Basic System.
[[0;32m  OK  [0m] Started Deferred execution scheduler.
[[0;32m  OK  [0m] Started D-Bus System Message Bus.
         Starting Virtualbox guest utils...
         Starting Login Service...
         Starting Dispatcher daemon for systemd-networkd...
         Starting LXD - container startup/shutdown...
         Starting Message of the Day...
[[0;32m  OK  [0m] Started irqbalance daemon.
         Starting LSB: Record successful boot for GRUB...
[[0;32m  OK  [0m] Reached target Login Prompts (Pre).
         Starting Snap Daemon...
         Starting System Logging Service...
[[0;32m  OK  [0m] Started FUSE filesystem for LXC.
         Starting Accounts Service...
         Starting OpenBSD Secure Shell server...
[[0;32m  OK  [0m] Started Regular background program processing daemon.
         Starting Discard unused blocks...
[[0;32m  OK  [0m] Reached target Remote File Systems.
         Starting LSB: automatic crash report generation...
         Starting Permit User Sessions...
[[0;32m  OK  [0m] Started System Logging Service.
[[0;32m  OK  [0m] Started Login Service.
[[0;32m  OK  [0m] Started Unattended Upgrades Shutdown.
[[0;32m  OK  [0m] Started Permit User Sessions.
         Starting Terminate Plymouth Boot Screen...
         Starting Hold until boot process finishes up...
[[0;32m  OK  [0m] Started Terminate Plymouth Boot Screen.
[[0;32m  OK  [0m] Started Hold until boot process finishes up.
[[0;32m  OK  [0m] Started Serial Getty on ttyS0.
         Starting Set console scheme...
[[0;32m  OK  [0m] Started OpenBSD Secure Shell server.
[[0;32m  OK  [0m] Started Discard unused blocks.
         Starting Authorization Manager...
[[0;32m  OK  [0m] Started LXD - container startup/shutdown.
[[0;32m  OK  [0m] Started Set console scheme.
[[0;32m  OK  [0m] Created slice system-getty.slice.
[[0;32m  OK  [0m] Started Getty on tty1.
[[0;32m  OK  [0m] Reached target Login Prompts.
[[0;32m  OK  [0m] Started LSB: automatic crash report generation.
[[0;32m  OK  [0m] Started LSB: Record successful boot for GRUB.
[[0;32m  OK  [0m] Started Dispatcher daemon for systemd-networkd.
[[0;32m  OK  [0m] Started Authorization Manager.
[[0;32m  OK  [0m] Started Accounts Service.
[[0;32m  OK  [0m] Started Virtualbox guest utils.
[[0;32m  OK  [0m] Started Snap Daemon.
         Starting Wait until snapd is fully seeded...
         Starting Time & Date Service...
[[0;32m  OK  [0m] Started Time & Date Service.
[[0;32m  OK  [0m] Started Wait until snapd is fully seeded.
         Starting Apply the settings specified in cloud-config...
[   16.893859] cloud-init[1143]: Cloud-init v. 22.4.2-0ubuntu0~18.04.1 running 'modules:config' at Sat, 06 May 2023 14:48:25 +0000. Up 16.79 seconds.
[[0;32m  OK  [0m] Started Apply the settings specified in cloud-config.
[[0;32m  OK  [0m] Reached target Multi-User System.
[[0;32m  OK  [0m] Reached target Graphical Interface.
         Starting Update UTMP about System Runlevel Changes...
         Starting Execute cloud user/final scripts...
[[0;32m  OK  [0m] Started Update UTMP about System Runlevel Changes.
[   17.436060] cloud-init[1183]: Cloud-init v. 22.4.2-0ubuntu0~18.04.1 running 'modules:final' at Sat, 06 May 2023 14:48:26 +0000. Up 17.29 seconds.
[   17.451837] cloud-init[1183]: Cloud-init v. 22.4.2-0ubuntu0~18.04.1 finished at Sat, 06 May 2023 14:48:26 +0000. Datasource DataSourceNoCloud [seed=/dev/sdb][dsmode=net].  Up 17.42 seconds
[[0;32m  OK  [0m] Started Execute cloud user/final scripts.
[[0;32m  OK  [0m] Reached target Cloud-init target.
         Starting Daily apt download activities...
[[0;32m  OK  [0m] Started Message of the Day.
[[0;32m  OK  [0m] Created slice User Slice of vagrant.
         Starting User Manager for UID 1000...
[[0;32m  OK  [0m] Started Session 1 of user vagrant.
[[0;32m  OK  [0m] Started User Manager for UID 1000.

Ubuntu 18.04.6 LTS kubenode02 ttyS0

kubenode02 login:          Stopping System Logging Service...
[[0;32m  OK  [0m] Stopped System Logging Service.
         Starting System Logging Service...
[[0;32m  OK  [0m] Started System Logging Service.
         Stopping LSB: automatic crash report generation...
[[0;32m  OK  [0m] Stopped LSB: automatic crash report generation.
         Starting LSB: automatic crash report generation...
[[0;32m  OK  [0m] Started LSB: automatic crash report generation.
         Stopping udev Kernel Device Manager...
[[0;32m  OK  [0m] Stopped udev Kernel Device Manager.
         Starting udev Kernel Device Manager...
[[0;32m  OK  [0m] Started udev Kernel Device Manager.
         Stopping Network Service...
[[0;32m  OK  [0m] Stopped Network Service.
         Starting Network Service...
[[0;32m  OK  [0m] Started Network Service.
         Stopping Network Name Resolution...
[[0;32m  OK  [0m] Stopped Network Name Resolution.
         Starting Network Name Resolution...
[[0;32m  OK  [0m] Started Network Name Resolution.
[[0;32m  OK  [0m] Stopped Flush Journal to Persistent Storage.
         Stopping Flush Journal to Persistent Storage...
         Stopping Journal Service...
[[0;32m  OK  [0m] Stopped Journal Service.
         Starting Journal Service...
[[0;32m  OK  [0m] Started Journal Service.
         Starting Flush Journal to Persistent Storage...
[[0;32m  OK  [0m] Started Flush Journal to Persistent Storage.
[[0;32m  OK  [0m] Started Daily apt upgrade and clean activities.
   [[0;32m  OK  [0m] Stopped target Graphical Interface.
         Stopping Availability of block devices...
         Stopping Session 4 of user vagrant.
[[0;32m  OK  [0m] Stopped target Host and Network Name Lookups.
         Stopping Accounts Service...
         Stopping Authorization Manager...
         Stopping User Manager for UID 1000...
[[0;32m  OK  [0m] Stopped target Timers.
[[0;32m  OK  [0m] Stopped Daily Cleanup of Temporary Directories.
[[0;32m  OK  [0m] Stopped Message of the Day.
[[0;32m  OK  [0m] Stopped Daily apt upgrade and clean activities.
[[0;32m  OK  [0m] Stopped Discard unused blocks once a week.
[[0;32m  OK  [0m] Closed Load/Save RF Kill Switch Status /dev/rfkill Watch.
[[0;32m  OK  [0m] Stopped target Cloud-init target.
[[0;32m  OK  [0m] Stopped Ubuntu Advantage Timer for running repeated jobs.
[[0;32m  OK  [0m] Stopped Execute cloud user/final scripts.
[[0;32m  OK  [0m] Stopped target Multi-User System.
         Stopping OpenBSD Secure Shell server...
         Stopping Regular background program processing daemon...
         Stopping System Logging Service...
         Stopping irqbalance daemon...
         Stopping LSB: Record successful boot for GRUB...
[[0;32m  OK  [0m] Stopped target Login Prompts.
         Stopping Serial Getty on ttyS0...
         Stopping Getty on tty1...
         Stopping LSB: automatic crash report generation...
         Stopping D-Bus System Message Bus...
         Stopping FUSE filesystem for LXC...
         Stopping Virtualbox guest utils...
         Stopping Dispatcher daemon for systemd-networkd...
[[0;32m  OK  [0m] Stopped Apply the settings specified in cloud-config.
[[0;32m  OK  [0m] Stopped target Cloud-config availability.
[[0;32m  OK  [0m] Stopped Wait until snapd is fully seeded.
         Stopping Deferred execution scheduler...
         Stopping LXD - container startup/shutdown...
[[0;32m  OK  [0m] Stopped Daily apt download activities.
[[0;32m  OK  [0m] Stopped target System Time Synchronized.
[[0;32m  OK  [0m] Unmounted /var/lib/lxcfs.
[[0;32m  OK  [0m] Stopped Regular background program processing daemon.
[[0;32m  OK  [0m] Stopped Dispatcher daemon for systemd-networkd.
[[0;32m  OK  [0m] Stopped Accounts Service.
[[0;32m  OK  [0m] Stopped Deferred execution scheduler.
[[0;32m  OK  [0m] Stopped irqbalance daemon.
[[0;32m  OK  [0m] Stopped OpenBSD Secure Shell server.
[[0;32m  OK  [0m] Stopped Authorization Manager.
[[0;32m  OK  [0m] Stopped Serial Getty on ttyS0.
[[0;32m  OK  [0m] Stopped Getty on tty1.
[[0;32m  OK  [0m] Stopped System Logging Service.
[[0;32m  OK  [0m] Stopped User Manager for UID 1000.
[[0;32m  OK  [0m] Stopped Availability of block devices.
[[0;32m  OK  [0m] Stopped D-Bus System Message Bus.
[[0;32m  OK  [0m] Stopped FUSE filesystem for LXC.
[[0;32m  OK  [0m] Stopped Session 4 of user vagrant.
[[0;32m  OK  [0m] Removed sl         Stopping Session 6 of user vagrant.
         Stopping User Manager for UID 1000...
[[0;32m  OK  [0m] Stopped target Timers.
[[0;32m  OK  [0m] Stopped Daily Cleanup of Temporary Directories.
[[0;32m  OK  [0m] Stopped Daily apt upgrade and clean activities.
[[0;32m  OK  [0m] Stopped Daily apt download activities.
[[0;32m  OK  [0m] Stopped Discard unused blocks once a week.
[[0;32m  OK  [0m] Stopped target Host and Network Name Lookups.
[[0;32m  OK  [0m] Stopped Ubuntu Advantage Timer for running repeated jobs.
         Stopping Authorization Manager...
         Stopping Availability of block devices...
[[0;32m  OK  [0m] Closed Load/Save RF Kill Switch Status /dev/rfkill Watch.
[[0;32m  OK  [0m] Stopped target Graphical Interface.
         Stopping Accounts Service...
[[0;32m  OK  [0m] Stopped Message of the Day.
[[0;32m  OK  [0m] Stopped target System Time Synchronized.
[[0;32m  OK  [0m] Stopped target Cloud-init target.
[[0;32m  OK  [0m] Stopped Execute cloud user/final scripts.
[[0;32m  OK  [0m] Stopped target Multi-User System.
         Stopping FUSE filesystem for LXC...
         Stopping Deferred execution scheduler...
         Stopping System Logging Service...
         Stopping Virtualbox guest utils...
         Stopping D-Bus System Message Bus...
         Stopping LXD - container startup/shutdown...
         Stopping Dispatcher daemon for systemd-networkd...
         Stopping LSB: Record successful boot for GRUB...
         Stopping Regular background program processing daemon...
         Stopping irqbalance daemon...
         Stopping CRI Interface for Docker Application Container Engine...
         Stopping LSB: automatic crash report generation...
         Stopping OpenBSD Secure Shell server...
[[0;32m  OK  [0m] Stopped target Login Prompts.
         Stopping Getty on tty1...
         Stopping Serial Getty on ttyS0...
[[0;32m  OK  [0m] Stopped Apply the settings specified in cloud-config.
[[0;32m  OK  [0m] Stopped Wait until snapd is fully seeded.
[[0;32m  OK  [0m] Stopped target Cloud-config availability.
[[0;32m  OK  [0m] Unmounted /var/lib/lxcfs.
[[0;32m  OK  [0m] Stopped irqbalance daemon.
[[0;32m  OK  [0m] Stopped Regular background program processing daemon.
[[0;32m  OK  [0m] Stopped Deferred execution scheduler.
[[0;32m  OK  [0m] Stopped Accounts Service.
[[0;32m  OK  [0m] Stopped Dispatcher daemon for systemd-networkd.
[[0;32m  OK  [0m] Stopped Authorization Manager.
[[0;32m  OK  [0m] Stopped Serial Getty on ttyS0.
[[0;32m  OK  [0m] Stopped Getty on tty1.
[[0;32m  OK  [0m] Stopped CRI Interface for Docker Application Container Engine.
[[0;32m  OK  [0m] Stopped System Logging Service.
[[0;32m  OK  [0m] Stopped User Manager for UID 1000.
[[0;32m  OK  [0m] Stopped OpenBSD Secure Shell server.
[[0;32m  OK  [0m] Stopped D-Bus System Message Bus.
[[0;32m  OK  [0m] Stopped FUSE filesystem for LXC.
[[0;32m  OK  [0m] Stopped Availability of block devices.
[[0;32m  OK  [0m] Stopped Session 6 of user vagrant.
[[0;32m  OK  [0m] Removed slice User Slice of vagrant.
         Stopping Login Service...
         Stopping Docker Application Container Engine...
[[0;32m  OK  [0m] Removed slice system-getty.slice.
         Stopping Permit User Sessions...
[[0;32m  OK  [0m] Stopped target Login Prompts (Pre).
[[0;32m  OK  [0m] Removed slice system-serial\x2dgetty.slice.
[[0;32m  OK  [0m] Stopped Docker Application Container Engine.
[[0;32m  OK  [0m] Stopped Virtualbox guest utils.
[[0;32m  OK  [0m] Stopped Login Service.
[[0;32m  OK  [0m] Stopped LXD - container startup/shutdown.
[[0;32m  OK  [0m] Stopped LSB: Record successful boot for GRUB.
[[0;32m  OK  [0m] Stopped LSB: automatic crash report generation.
[[0;32m  OK  [0m] Stopped Permit User Sessions.
[[0;32m  OK  [0m] Stopped target Remote File Systems.
         Unmounting /vagrant...
[[0;32m  OK  [0m] Stopped target User and Group Name Lookups.
         Stopping containerd container runtime...
[[0;32m  OK  [0m] Stopped containerd container runtime.
[[0;32m  OK  [0m] Stopped target Basic System.
[[0;32m  OK  [0m] Stopped target Sockets.
[[0;32m  OK  [0m] Closed ACPID Listen Socket.
[[0;32m  OK  [0m] Closed UUID daemon activation socket.
[[0;32m  OK  [0m] Closed Open-iSCSI iscsid Socket.
[[0;32m  OK  [0m] Closed Docker Socket for the API.
[[0;32m  OK  [0m] Closed D-Bus System Message Bus Socket.
[[0;32m  OK  [0m] Closed CRI Docker Socket for the API.
[[0;32m  OK  [0m] Closed LXD - unix socket.
[[0;32m  OK  [0m] Closed Syslog Socket.
[[0;32m  OK  [0m] Closed cloud-init hotplug hook socket.
[[0;32m  OK  [0m] Closed Socket activation for snappy daemon.
[[0;32m  OK  [0m] Stopped target Paths.
[[0;32m  OK  [0m] Stopped ACPI Events Check.
[[0;32m  OK  [0m] Stopped target Slices.
[[0;32m  OK  [0m] Removed slice User and Session Slice.
[[0;32m  OK  [0m] Stopped target System Initialization.
         Stopping Load/Save Random Seed...
[[0;32m  OK  [0m] Stopped target Local Encrypted Volumes.
[[0;32m  OK  [0m] Stopped Dispatch Password Requests to Console Directory Watch.
[[0;32m  OK  [0m] Stopped Forward Password Requests to Wall Directory Watch.
         Stopping Update UTMP about System Boot/Shutdown...
[[0;32m  OK  [0m] Unmounted /vagrant.
[[0;32m  OK  [0m] Stopped Load/Save Random Seed.
[[0;32m  OK  [0m] Stopped target Network is Online.
[[0;32m  OK  [0m] Stopped Initial cloud-init job (metadata service crawler).
[[0;32m  OK  [0m] Stopped target Network.
         Stopping Network Name Resolution...
[[0;32m  OK  [0m] Stopped target Remote File Systems (Pre).
[[0;32m  OK  [0m] Stopped Update UTMP about System Boot/Shutdown.
[[0;32m  OK  [0m] Stopped Network Name Resolution.
[[0;32m  OK  [0m] Stopped Create Volatile Files and Directories.
[[0;32m  OK  [0m] Stopped target Local File Systems.
         Unmounting /run/docker/netns/default...
         Unmounting /run/user/1000...
         Stopping Network Service...
[[0;32m  OK  [0m] Unmounted /run/docker/netns/default.
[[0;32m  OK  [0m] Unmounted /run/user/1000.
[[0;32m  OK  [0m] Reached target Unmount All Filesystems.
[[0;32m  OK  [0m] Stopped target Swap.
[[0;32m  OK  [0m] Stopped target Local File Systems (Pre).
[[0;32m  OK  [0m] Stopped Create Static Device Nodes in /dev.
         Stopping Monitoring of LVM2 mirrors…ng dmeventd or progress polling...
[[0;32m  OK  [0m] Stopped Network Service.
[[0;32m  OK  [0m] Stopped Monitoring of LVM2 mirrors,…sing dmeventd or progress polling.
         Stopping LVM2 metadata daemon...
[[0;32m  OK  [0m] Stopped target Network (Pre).
[[0;32m  OK  [0m] Stopped Initial cloud-init job (pre-networking).
[[0;32m  OK  [0m] Stopped Remount Root and Kernel File Systems.
[[0;32m  OK  [0m] Stopped Apply Kernel Variables.
[[0;32m  OK  [0m] Stopped Load Kernel Modules.
[[0;32m  OK  [0m] Reached target Shutdown.
[[0;32m  OK  [0m] Reached target Final Step.
         Starting Power-Off...
[[0;32m  OK  [0m] Stopped LVM2 metadata daemon.
[ 2565.785605] reboot: Power down
